<?xml version="1.0" encoding="UTF-8"?>
<testng-results skipped="0" failed="0" ignored="0" total="1" passed="1">
  <reporter-output>
  </reporter-output>
  <suite name="Surefire suite" duration-ms="368" started-at="2022-12-04T17:29:56Z" finished-at="2022-12-04T17:29:57Z">
    <groups>
    </groups>
    <test name="Surefire test" duration-ms="368" started-at="2022-12-04T17:29:56Z" finished-at="2022-12-04T17:29:57Z">
      <class name="test.TestePraticoTresTeste">
        <test-method status="PASS" signature="setUp()[pri:0, instance:test.TestePraticoTresTeste@48eff760]" name="setUp" is-config="true" duration-ms="338" started-at="2022-12-04T17:29:56Z" finished-at="2022-12-04T17:29:57Z">
          <reporter-output>
          </reporter-output>
        </test-method> <!-- setUp -->
        <test-method status="PASS" signature="test()[pri:0, instance:test.TestePraticoTresTeste@48eff760]" name="test" duration-ms="5" started-at="2022-12-04T17:29:57Z" finished-at="2022-12-04T17:29:57Z">
          <reporter-output>
          </reporter-output>
        </test-method> <!-- test -->
        <test-method status="PASS" signature="tearDown()[pri:0, instance:test.TestePraticoTresTeste@48eff760]" name="tearDown" is-config="true" duration-ms="0" started-at="2022-12-04T17:29:57Z" finished-at="2022-12-04T17:29:57Z">
          <reporter-output>
          </reporter-output>
        </test-method> <!-- tearDown -->
      </class> <!-- test.TestePraticoTresTeste -->
    </test> <!-- Surefire test -->
  </suite> <!-- Surefire suite -->
</testng-results>
